11:27:12 **** Clean-only build of configuration Debug for project Checkers ****
make clean 
rm -rf  ./Board.o ./Checker.o ./Game.o ./GameEngine.o ./Square.o  ./Board.d ./Checker.d ./Game.d ./GameEngine.d ./Square.d  libCheckers.a
 
11:27:12 **** Clean-only build of configuration Debug for project CheckersApp ****
make clean 
rm -rf  ./src/CheckersApp.o  ./src/CheckersApp.d  CheckersApp
 
11:27:14 **** Build of configuration Debug for project Checkers ****
make all 
Building file: ../Board.cpp
Invoking: GCC C++ Compiler
g++ -D__GXX_EXPERIMENTAL_CXX0X__ -I/Users/richardjohnson/code/cpp/gtest-1.6.0/include -I/opt/local/include/gcc47/c++ -O0 -g3 -Wall -c -fmessage-length=0 -std=c++0x -MMD -MP -MF"Board.d" -MT"Board.d" -o "Board.o" "../Board.cpp"
Finished building: ../Board.cpp
 
Building file: ../Checker.cpp
Invoking: GCC C++ Compiler
g++ -D__GXX_EXPERIMENTAL_CXX0X__ -I/Users/richardjohnson/code/cpp/gtest-1.6.0/include -I/opt/local/include/gcc47/c++ -O0 -g3 -Wall -c -fmessage-length=0 -std=c++0x -MMD -MP -MF"Checker.d" -MT"Checker.d" -o "Checker.o" "../Checker.cpp"
Finished building: ../Checker.cpp
 
Building file: ../Game.cpp
Invoking: GCC C++ Compiler
g++ -D__GXX_EXPERIMENTAL_CXX0X__ -I/Users/richardjohnson/code/cpp/gtest-1.6.0/include -I/opt/local/include/gcc47/c++ -O0 -g3 -Wall -c -fmessage-length=0 -std=c++0x -MMD -MP -MF"Game.d" -MT"Game.d" -o "Game.o" "../Game.cpp"
Finished building: ../Game.cpp
 
Building file: ../GameEngine.cpp
Invoking: GCC C++ Compiler
g++ -D__GXX_EXPERIMENTAL_CXX0X__ -I/Users/richardjohnson/code/cpp/gtest-1.6.0/include -I/opt/local/include/gcc47/c++ -O0 -g3 -Wall -c -fmessage-length=0 -std=c++0x -MMD -MP -MF"GameEngine.d" -MT"GameEngine.d" -o "GameEngine.o" "../GameEngine.cpp"
Finished building: ../GameEngine.cpp
 
Building file: ../Square.cpp
Invoking: GCC C++ Compiler
g++ -D__GXX_EXPERIMENTAL_CXX0X__ -I/Users/richardjohnson/code/cpp/gtest-1.6.0/include -I/opt/local/include/gcc47/c++ -O0 -g3 -Wall -c -fmessage-length=0 -std=c++0x -MMD -MP -MF"Square.d" -MT"Square.d" -o "Square.o" "../Square.cpp"
Finished building: ../Square.cpp
 
Building target: libCheckers.a
Invoking: GCC Archiver
ar -r  "libCheckers.a"  ./Board.o ./Checker.o ./Game.o ./GameEngine.o ./Square.o   
ar: creating archive libCheckers.a
Finished building target: libCheckers.a
 
11:27:19 **** Build of configuration Debug for project CheckersApp ****
make all 
Building file: ../src/CheckersApp.cpp
Invoking: GCC C++ Compiler
g++ -D__GXX_EXPERIMENTAL_CXX0X__ -I"/Users/richardjohnson/Documents/Code/workspace" -I/Users/richardjohnson/code/cpp/gtest-1.6.0/include -O0 -g3 -Wall -c -fmessage-length=0 -std=c++11 -MMD -MP -MF"src/CheckersApp.d" -MT"src/CheckersApp.d" -o "src/CheckersApp.o" "../src/CheckersApp.cpp"
Finished building: ../src/CheckersApp.cpp
 
Building target: CheckersApp
Invoking: MacOS X C++ Linker
g++ -L"/Users/richardjohnson/Documents/Code/workspace/Checkers/Debug" -o "CheckersApp"  ./src/CheckersApp.o   -lCheckers
Undefined symbols for architecture x86_64:
  "___emutls_v._ZSt11__once_call", referenced from:
      void std::call_once<void (std::__future_base::_State_base::*)(std::function<std::unique_ptr<std::__future_base::_Result_base, std::__future_base::_Result_base::_Deleter> ()>&, bool&), std::__future_base::_State_base* const, std::reference_wrapper<std::function<std::unique_ptr<std::__future_base::_Result_base, std::__future_base::_Result_base::_Deleter> ()> >, std::reference_wrapper<bool> >(std::once_flag&, void (std::__future_base::_State_base::*&&)(std::function<std::unique_ptr<std::__future_base::_Result_base, std::__future_base::_Result_base::_Deleter> ()>&, bool&), std::__future_base::_State_base* const&&, std::reference_wrapper<std::function<std::unique_ptr<std::__future_base::_Result_base, std::__future_base::_Result_base::_Deleter> ()> >&&, std::reference_wrapper<bool>&&) in libCheckers.a(GameEngine.o)
      void std::call_once<void (std::thread::*)(), std::reference_wrapper<std::thread> >(std::once_flag&, void (std::thread::*&&)(), std::reference_wrapper<std::thread>&&) in libCheckers.a(GameEngine.o)
  "___emutls_v._ZSt15__once_callable", referenced from:
      void std::call_once<void (std::__future_base::_State_base::*)(std::function<std::unique_ptr<std::__future_base::_Result_base, std::__future_base::_Result_base::_Deleter> ()>&, bool&), std::__future_base::_State_base* const, std::reference_wrapper<std::function<std::unique_ptr<std::__future_base::_Result_base, std::__future_base::_Result_base::_Deleter> ()> >, std::reference_wrapper<bool> >(std::once_flag&, void (std::__future_base::_State_base::*&&)(std::function<std::unique_ptr<std::__future_base::_Result_base, std::__future_base::_Result_base::_Deleter> ()>&, bool&), std::__future_base::_State_base* const&&, std::reference_wrapper<std::function<std::unique_ptr<std::__future_base::_Result_base, std::__future_base::_Result_base::_Deleter> ()> >&&, std::reference_wrapper<bool>&&) in libCheckers.a(GameEngine.o)
      void std::call_once<void (std::thread::*)(), std::reference_wrapper<std::thread> >(std::once_flag&, void (std::thread::*&&)(), std::reference_wrapper<std::thread>&&) in libCheckers.a(GameEngine.o)
      void std::__once_call_impl<std::_Bind_simple<std::_Mem_fn<void (std::__future_base::_State_base::*)(std::function<std::unique_ptr<std::__future_base::_Result_base, std::__future_base::_Result_base::_Deleter> ()>&, bool&)> (std::__future_base::_State_base*, std::reference_wrapper<std::function<std::unique_ptr<std::__future_base::_Result_base, std::__future_base::_Result_base::_Deleter> ()> >, std::reference_wrapper<bool>)> >() in libCheckers.a(GameEngine.o)
      void std::__once_call_impl<std::_Bind_simple<std::_Mem_fn<void (std::thread::*)()> (std::reference_wrapper<std::thread>)> >() in libCheckers.a(GameEngine.o)
ld: symbol(s) not found for architecture x86_64
collect2: error: ld returned 1 exit status
make: *** [CheckersApp] Error 1
11:28:33 **** Incremental Build of configuration Debug for project Checkers ****
make all 
make: Nothing to be done for `all'.
11:28:33 **** Incremental Build of configuration Debug for project CheckersApp ****
make all 
Building target: CheckersApp
Invoking: MacOS X C++ Linker
g++ -L"/Users/richardjohnson/Documents/Code/workspace/Checkers/Debug" -o "CheckersApp"  ./src/CheckersApp.o   -lCheckers
Undefined symbols for architecture x86_64:
  "___emutls_v._ZSt11__once_call", referenced from:
      void std::call_once<void (std::__future_base::_State_base::*)(std::function<std::unique_ptr<std::__future_base::_Result_base, std::__future_base::_Result_base::_Deleter> ()>&, bool&), std::__future_base::_State_base* const, std::reference_wrapper<std::function<std::unique_ptr<std::__future_base::_Result_base, std::__future_base::_Result_base::_Deleter> ()> >, std::reference_wrapper<bool> >(std::once_flag&, void (std::__future_base::_State_base::*&&)(std::function<std::unique_ptr<std::__future_base::_Result_base, std::__future_base::_Result_base::_Deleter> ()>&, bool&), std::__future_base::_State_base* const&&, std::reference_wrapper<std::function<std::unique_ptr<std::__future_base::_Result_base, std::__future_base::_Result_base::_Deleter> ()> >&&, std::reference_wrapper<bool>&&) in libCheckers.a(GameEngine.o)
      void std::call_once<void (std::thread::*)(), std::reference_wrapper<std::thread> >(std::once_flag&, void (std::thread::*&&)(), std::reference_wrapper<std::thread>&&) in libCheckers.a(GameEngine.o)
  "___emutls_v._ZSt15__once_callable", referenced from:
      void std::call_once<void (std::__future_base::_State_base::*)(std::function<std::unique_ptr<std::__future_base::_Result_base, std::__future_base::_Result_base::_Deleter> ()>&, bool&), std::__future_base::_State_base* const, std::reference_wrapper<std::function<std::unique_ptr<std::__future_base::_Result_base, std::__future_base::_Result_base::_Deleter> ()> >, std::reference_wrapper<bool> >(std::once_flag&, void (std::__future_base::_State_base::*&&)(std::function<std::unique_ptr<std::__future_base::_Result_base, std::__future_base::_Result_base::_Deleter> ()>&, bool&), std::__future_base::_State_base* const&&, std::reference_wrapper<std::function<std::unique_ptr<std::__future_base::_Result_base, std::__future_base::_Result_base::_Deleter> ()> >&&, std::reference_wrapper<bool>&&) in libCheckers.a(GameEngine.o)
      void std::call_once<void (std::thread::*)(), std::reference_wrapper<std::thread> >(std::once_flag&, void (std::thread::*&&)(), std::reference_wrapper<std::thread>&&) in libCheckers.a(GameEngine.o)
      void std::__once_call_impl<std::_Bind_simple<std::_Mem_fn<void (std::__future_base::_State_base::*)(std::function<std::unique_ptr<std::__future_base::_Result_base, std::__future_base::_Result_base::_Deleter> ()>&, bool&)> (std::__future_base::_State_base*, std::reference_wrapper<std::function<std::unique_ptr<std::__future_base::_Result_base, std::__future_base::_Result_base::_Deleter> ()> >, std::reference_wrapper<bool>)> >() in libCheckers.a(GameEngine.o)
      void std::__once_call_impl<std::_Bind_simple<std::_Mem_fn<void (std::thread::*)()> (std::reference_wrapper<std::thread>)> >() in libCheckers.a(GameEngine.o)
ld: symbol(s) not found for architecture x86_64
collect2: error: ld returned 1 exit status
make: *** [CheckersApp] Error 1
11:28:45 **** Incremental Build of configuration Debug for project Checkers ****
make all 
Building file: ../GameEngine.cpp
Invoking: GCC C++ Compiler
g++ -D__GXX_EXPERIMENTAL_CXX0X__ -I/Users/richardjohnson/code/cpp/gtest-1.6.0/include -I/opt/local/include/gcc47/c++ -O0 -g3 -Wall -c -fmessage-length=0 -std=c++0x -MMD -MP -MF"GameEngine.d" -MT"GameEngine.d" -o "GameEngine.o" "../GameEngine.cpp"
Finished building: ../GameEngine.cpp
 
Building target: libCheckers.a
Invoking: GCC Archiver
ar -r  "libCheckers.a"  ./Board.o ./Checker.o ./Game.o ./GameEngine.o ./Square.o   
ar: creating archive libCheckers.a
Finished building target: libCheckers.a
 
11:28:46 **** Incremental Build of configuration Debug for project CheckersApp ****
make all 
Building target: CheckersApp
Invoking: MacOS X C++ Linker
g++ -L"/Users/richardjohnson/Documents/Code/workspace/Checkers/Debug" -o "CheckersApp"  ./src/CheckersApp.o   -lCheckers
Finished building target: CheckersApp
 
11:31:37 **** Incremental Build of configuration Debug for project Checkers ****
make all 
Building file: ../Board.cpp
Invoking: GCC C++ Compiler
g++ -I/Users/richardjohnson/code/cpp/gtest-1.6.0/include -I/opt/local/include/gcc47/c++ -O0 -g3 -Wall -c -fmessage-length=0 -std=c++0x -MMD -MP -MF"Board.d" -MT"Board.d" -o "Board.o" "../Board.cpp"
Finished building: ../Board.cpp
 
Building file: ../Checker.cpp
Invoking: GCC C++ Compiler
g++ -I/Users/richardjohnson/code/cpp/gtest-1.6.0/include -I/opt/local/include/gcc47/c++ -O0 -g3 -Wall -c -fmessage-length=0 -std=c++0x -MMD -MP -MF"Checker.d" -MT"Checker.d" -o "Checker.o" "../Checker.cpp"
Finished building: ../Checker.cpp
 
Building file: ../Game.cpp
Invoking: GCC C++ Compiler
g++ -I/Users/richardjohnson/code/cpp/gtest-1.6.0/include -I/opt/local/include/gcc47/c++ -O0 -g3 -Wall -c -fmessage-length=0 -std=c++0x -MMD -MP -MF"Game.d" -MT"Game.d" -o "Game.o" "../Game.cpp"
Finished building: ../Game.cpp
 
Building file: ../GameEngine.cpp
Invoking: GCC C++ Compiler
g++ -I/Users/richardjohnson/code/cpp/gtest-1.6.0/include -I/opt/local/include/gcc47/c++ -O0 -g3 -Wall -c -fmessage-length=0 -std=c++0x -MMD -MP -MF"GameEngine.d" -MT"GameEngine.d" -o "GameEngine.o" "../GameEngine.cpp"
Finished building: ../GameEngine.cpp
 
Building file: ../Square.cpp
Invoking: GCC C++ Compiler
g++ -I/Users/richardjohnson/code/cpp/gtest-1.6.0/include -I/opt/local/include/gcc47/c++ -O0 -g3 -Wall -c -fmessage-length=0 -std=c++0x -MMD -MP -MF"Square.d" -MT"Square.d" -o "Square.o" "../Square.cpp"
Finished building: ../Square.cpp
 
Building target: libCheckers.a
Invoking: GCC Archiver
ar -r  "libCheckers.a"  ./Board.o ./Checker.o ./Game.o ./GameEngine.o ./Square.o   
ar: creating archive libCheckers.a
Finished building target: libCheckers.a
 
11:31:40 **** Incremental Build of configuration Debug for project CheckersApp ****
make all 
make: Nothing to be done for `all'.
11:31:41 **** Incremental Build of configuration Debug for project CheckersTest ****
make all 
Building target: CheckersTest
Invoking: MacOS X C++ Linker
g++ -L"/Users/richardjohnson/Documents/Code/workspace/CheckersTest/lib" -L"/Users/richardjohnson/Documents/Code/workspace/Checkers/Debug" -o "CheckersTest"  ./BoardTest.o ./CheckerTest.o ./main.o   -lgmock -lCheckers -lgtest
Finished building target: CheckersTest
 
make --no-print-directory post-build
./CheckersTest
[==========] Running 2 tests from 2 test cases.
[----------] Global test environment set-up.
[----------] 1 test from BoardTest
[ RUN      ] BoardTest.BoardSquares
[       OK ] BoardTest.BoardSquares (0 ms)
[----------] 1 test from BoardTest (0 ms total)

[----------] 1 test from CheckerTest
[ RUN      ] CheckerTest.asdf
[       OK ] CheckerTest.asdf (0 ms)
[----------] 1 test from CheckerTest (0 ms total)

[----------] Global test environment tear-down
[==========] 2 tests from 2 test cases ran. (0 ms total)
[  PASSED  ] 2 tests.
 
